<!-- Testing metadata file -->
<items>
	<item key="YES" uuid="1065AAAAAAAAAAAAAAAAAAAAAAAAAAAAAAAA" />
	<item key="NO" uuid="1066AAAAAAAAAAAAAAAAAAAAAAAAAAAAAAAA" />
</items>