<!-- Testing metadata file -->
<refs>
	<ref key="YES" uuid="1065AAAAAAAAAAAAAAAAAAAAAAAAAAAAAAAA" />
	<ref key="NO" uuid="1066AAAAAAAAAAAAAAAAAAAAAAAAAAAAAAAA" />
</refs>